<?xml version="1.0" encoding="UTF-8"?>
<coverage generated="1661282907863" clover="3.2.0">
  <project timestamp="1661282907863" name="All files">
    <metrics statements="164" coveredstatements="159" conditionals="38" coveredconditionals="28" methods="31" coveredmethods="27" elements="233" coveredelements="214" complexity="0" loc="164" ncloc="164" packages="4" files="10" classes="10"/>
    <package name="express-messagely">
      <metrics statements="41" coveredstatements="37" conditionals="12" coveredconditionals="6" methods="7" coveredmethods="3"/>
      <file name="app.js" path="/Users/lepham/Desktop/daily/week-7/express-messagely/app.js">
        <metrics statements="23" coveredstatements="22" conditionals="4" coveredconditionals="2" methods="2" coveredmethods="1"/>
        <line num="6" count="3" type="stmt"/>
        <line num="7" count="3" type="stmt"/>
        <line num="8" count="3" type="stmt"/>
        <line num="10" count="3" type="stmt"/>
        <line num="11" count="3" type="stmt"/>
        <line num="14" count="3" type="stmt"/>
        <line num="15" count="3" type="stmt"/>
        <line num="18" count="3" type="stmt"/>
        <line num="21" count="3" type="stmt"/>
        <line num="25" count="3" type="stmt"/>
        <line num="26" count="3" type="stmt"/>
        <line num="27" count="3" type="stmt"/>
        <line num="29" count="3" type="stmt"/>
        <line num="30" count="3" type="stmt"/>
        <line num="31" count="3" type="stmt"/>
        <line num="35" count="3" type="stmt"/>
        <line num="36" count="0" type="stmt"/>
        <line num="40" count="3" type="stmt"/>
        <line num="41" count="15" type="cond" truecount="1" falsecount="1"/>
        <line num="42" count="15" type="stmt"/>
        <line num="43" count="15" type="cond" truecount="1" falsecount="1"/>
        <line num="44" count="15" type="stmt"/>
        <line num="50" count="3" type="stmt"/>
      </file>
      <file name="config.js" path="/Users/lepham/Desktop/daily/week-7/express-messagely/config.js">
        <metrics statements="5" coveredstatements="5" conditionals="4" coveredconditionals="3" methods="0" coveredmethods="0"/>
        <line num="7" count="5" type="stmt"/>
        <line num="9" count="5" type="cond" truecount="1" falsecount="1"/>
        <line num="13" count="5" type="cond" truecount="2" falsecount="0"/>
        <line num="15" count="5" type="stmt"/>
        <line num="18" count="5" type="stmt"/>
      </file>
      <file name="db.js" path="/Users/lepham/Desktop/daily/week-7/express-messagely/db.js">
        <metrics statements="5" coveredstatements="5" conditionals="0" coveredconditionals="0" methods="0" coveredmethods="0"/>
        <line num="6" count="5" type="stmt"/>
        <line num="7" count="5" type="stmt"/>
        <line num="9" count="5" type="stmt"/>
        <line num="11" count="5" type="stmt"/>
        <line num="14" count="5" type="stmt"/>
      </file>
      <file name="expressError.js" path="/Users/lepham/Desktop/daily/week-7/express-messagely/expressError.js">
        <metrics statements="8" coveredstatements="5" conditionals="4" coveredconditionals="1" methods="5" coveredmethods="2"/>
        <line num="9" count="15" type="stmt"/>
        <line num="10" count="15" type="stmt"/>
        <line num="11" count="15" type="stmt"/>
        <line num="19" count="0" type="stmt"/>
        <line num="27" count="15" type="stmt"/>
        <line num="35" count="0" type="stmt"/>
        <line num="43" count="0" type="stmt"/>
        <line num="47" count="5" type="stmt"/>
      </file>
    </package>
    <package name="express-messagely.middleware">
      <metrics statements="20" coveredstatements="20" conditionals="8" coveredconditionals="8" methods="3" coveredmethods="3"/>
      <file name="auth.js" path="/Users/lepham/Desktop/daily/week-7/express-messagely/middleware/auth.js">
        <metrics statements="20" coveredstatements="20" conditionals="8" coveredconditionals="8" methods="3" coveredmethods="3"/>
        <line num="5" count="3" type="stmt"/>
        <line num="7" count="3" type="stmt"/>
        <line num="8" count="3" type="stmt"/>
        <line num="14" count="25" type="stmt"/>
        <line num="15" count="25" type="cond" truecount="2" falsecount="0"/>
        <line num="16" count="18" type="stmt"/>
        <line num="17" count="10" type="stmt"/>
        <line num="18" count="10" type="stmt"/>
        <line num="21" count="15" type="stmt"/>
        <line num="28" count="12" type="stmt"/>
        <line num="29" count="12" type="cond" truecount="2" falsecount="0"/>
        <line num="30" count="5" type="stmt"/>
        <line num="32" count="7" type="stmt"/>
        <line num="35" count="5" type="stmt"/>
        <line num="42" count="9" type="stmt"/>
        <line num="43" count="9" type="cond" truecount="4" falsecount="0"/>
        <line num="45" count="6" type="stmt"/>
        <line num="47" count="3" type="stmt"/>
        <line num="50" count="6" type="stmt"/>
        <line num="55" count="3" type="stmt"/>
      </file>
    </package>
    <package name="express-messagely.models">
      <metrics statements="37" coveredstatements="37" conditionals="8" coveredconditionals="5" methods="12" coveredmethods="12"/>
      <file name="message.js" path="/Users/lepham/Desktop/daily/week-7/express-messagely/models/message.js">
        <metrics statements="13" coveredstatements="13" conditionals="4" coveredconditionals="2" methods="3" coveredmethods="3"/>
        <line num="5" count="5" type="stmt"/>
        <line num="6" count="5" type="stmt"/>
        <line num="17" count="55" type="stmt"/>
        <line num="27" count="55" type="stmt"/>
        <line num="39" count="2" type="stmt"/>
        <line num="45" count="2" type="stmt"/>
        <line num="47" count="2" type="cond" truecount="1" falsecount="1"/>
        <line num="49" count="2" type="stmt"/>
        <line num="61" count="6" type="stmt"/>
        <line num="80" count="6" type="stmt"/>
        <line num="82" count="6" type="cond" truecount="1" falsecount="1"/>
        <line num="84" count="6" type="stmt"/>
        <line num="106" count="5" type="stmt"/>
      </file>
      <file name="user.js" path="/Users/lepham/Desktop/daily/week-7/express-messagely/models/user.js">
        <metrics statements="24" coveredstatements="24" conditionals="4" coveredconditionals="3" methods="9" coveredmethods="9"/>
        <line num="3" count="5" type="stmt"/>
        <line num="4" count="5" type="stmt"/>
        <line num="6" count="5" type="stmt"/>
        <line num="8" count="5" type="stmt"/>
        <line num="18" count="72" type="stmt"/>
        <line num="20" count="72" type="stmt"/>
        <line num="36" count="72" type="stmt"/>
        <line num="42" count="5" type="stmt"/>
        <line num="48" count="5" type="stmt"/>
        <line num="50" count="5" type="cond" truecount="2" falsecount="0"/>
        <line num="56" count="1" type="stmt"/>
        <line num="68" count="2" type="stmt"/>
        <line num="73" count="2" type="stmt"/>
        <line num="86" count="6" type="stmt"/>
        <line num="93" count="6" type="stmt"/>
        <line num="95" count="6" type="cond" truecount="1" falsecount="1"/>
        <line num="97" count="6" type="stmt"/>
        <line num="110" count="2" type="stmt"/>
        <line num="120" count="2" type="stmt"/>
        <line num="132" count="2" type="stmt"/>
        <line num="144" count="2" type="stmt"/>
        <line num="154" count="2" type="stmt"/>
        <line num="166" count="2" type="stmt"/>
        <line num="170" count="5" type="stmt"/>
      </file>
    </package>
    <package name="express-messagely.routes">
      <metrics statements="66" coveredstatements="65" conditionals="10" coveredconditionals="9" methods="9" coveredmethods="9"/>
      <file name="auth.js" path="/Users/lepham/Desktop/daily/week-7/express-messagely/routes/auth.js">
        <metrics statements="21" coveredstatements="20" conditionals="4" coveredconditionals="3" methods="2" coveredmethods="2"/>
        <line num="3" count="3" type="stmt"/>
        <line num="4" count="3" type="stmt"/>
        <line num="6" count="3" type="stmt"/>
        <line num="7" count="3" type="stmt"/>
        <line num="8" count="3" type="stmt"/>
        <line num="11" count="3" type="stmt"/>
        <line num="14" count="3" type="stmt"/>
        <line num="15" count="3" type="stmt"/>
        <line num="16" count="3" type="stmt"/>
        <line num="18" count="3" type="cond" truecount="2" falsecount="0"/>
        <line num="19" count="1" type="stmt"/>
        <line num="20" count="1" type="stmt"/>
        <line num="23" count="2" type="stmt"/>
        <line num="32" count="3" type="stmt"/>
        <line num="33" count="1" type="stmt"/>
        <line num="34" count="1" type="stmt"/>
        <line num="37" count="1" type="cond" truecount="1" falsecount="1"/>
        <line num="38" count="1" type="stmt"/>
        <line num="39" count="1" type="stmt"/>
        <line num="41" count="0" type="stmt"/>
        <line num="45" count="3" type="stmt"/>
      </file>
      <file name="messages.js" path="/Users/lepham/Desktop/daily/week-7/express-messagely/routes/messages.js">
        <metrics statements="25" coveredstatements="25" conditionals="6" coveredconditionals="6" methods="3" coveredmethods="3"/>
        <line num="3" count="3" type="stmt"/>
        <line num="4" count="3" type="stmt"/>
        <line num="5" count="3" type="stmt"/>
        <line num="7" count="3" type="stmt"/>
        <line num="8" count="3" type="stmt"/>
        <line num="23" count="3" type="stmt"/>
        <line num="24" count="3" type="stmt"/>
        <line num="26" count="3" type="stmt"/>
        <line num="28" count="3" type="cond" truecount="4" falsecount="0"/>
        <line num="29" count="2" type="stmt"/>
        <line num="31" count="1" type="stmt"/>
        <line num="42" count="3" type="stmt"/>
        <line num="43" count="1" type="stmt"/>
        <line num="44" count="1" type="stmt"/>
        <line num="45" count="1" type="stmt"/>
        <line num="47" count="1" type="stmt"/>
        <line num="58" count="3" type="stmt"/>
        <line num="59" count="2" type="stmt"/>
        <line num="60" count="2" type="stmt"/>
        <line num="61" count="2" type="stmt"/>
        <line num="62" count="2" type="cond" truecount="2" falsecount="0"/>
        <line num="63" count="1" type="stmt"/>
        <line num="64" count="1" type="stmt"/>
        <line num="66" count="1" type="stmt"/>
        <line num="71" count="3" type="stmt"/>
      </file>
      <file name="users.js" path="/Users/lepham/Desktop/daily/week-7/express-messagely/routes/users.js">
        <metrics statements="20" coveredstatements="20" conditionals="0" coveredconditionals="0" methods="4" coveredmethods="4"/>
        <line num="3" count="3" type="stmt"/>
        <line num="5" count="3" type="stmt"/>
        <line num="10" count="3" type="stmt"/>
        <line num="11" count="3" type="stmt"/>
        <line num="12" count="3" type="stmt"/>
        <line num="20" count="3" type="stmt"/>
        <line num="21" count="1" type="stmt"/>
        <line num="22" count="1" type="stmt"/>
        <line num="31" count="3" type="stmt"/>
        <line num="32" count="1" type="stmt"/>
        <line num="33" count="1" type="stmt"/>
        <line num="46" count="3" type="stmt"/>
        <line num="47" count="1" type="stmt"/>
        <line num="48" count="1" type="stmt"/>
        <line num="49" count="1" type="stmt"/>
        <line num="62" count="3" type="stmt"/>
        <line num="66" count="1" type="stmt"/>
        <line num="67" count="1" type="stmt"/>
        <line num="68" count="1" type="stmt"/>
        <line num="72" count="3" type="stmt"/>
      </file>
    </package>
  </project>
</coverage>
