{"/Users/lepham/Desktop/daily/week-7/express-messagely/app.js": {"path":"/Users/lepham/Desktop/daily/week-7/express-messagely/app.js","statementMap":{"0":{"start":{"line":6,"column":16},"end":{"line":6,"column":34}},"1":{"start":{"line":7,"column":13},"end":{"line":7,"column":28}},"2":{"start":{"line":8,"column":28},"end":{"line":8,"column":56}},"3":{"start":{"line":10,"column":26},"end":{"line":10,"column":51}},"4":{"start":{"line":11,"column":12},"end":{"line":11,"column":25}},"5":{"start":{"line":14,"column":0},"end":{"line":14,"column":24}},"6":{"start":{"line":15,"column":0},"end":{"line":15,"column":30}},"7":{"start":{"line":18,"column":0},"end":{"line":18,"column":16}},"8":{"start":{"line":21,"column":0},"end":{"line":21,"column":25}},"9":{"start":{"line":25,"column":19},"end":{"line":25,"column":43}},"10":{"start":{"line":26,"column":19},"end":{"line":26,"column":44}},"11":{"start":{"line":27,"column":22},"end":{"line":27,"column":50}},"12":{"start":{"line":29,"column":0},"end":{"line":29,"column":29}},"13":{"start":{"line":30,"column":0},"end":{"line":30,"column":30}},"14":{"start":{"line":31,"column":0},"end":{"line":31,"column":36}},"15":{"start":{"line":35,"column":0},"end":{"line":37,"column":3}},"16":{"start":{"line":36,"column":2},"end":{"line":36,"column":28}},"17":{"start":{"line":40,"column":0},"end":{"line":45,"column":3}},"18":{"start":{"line":41,"column":17},"end":{"line":41,"column":34}},"19":{"start":{"line":42,"column":18},"end":{"line":42,"column":29}},"20":{"start":{"line":43,"column":2},"end":{"line":43,"column":72}},"21":{"start":{"line":43,"column":39},"end":{"line":43,"column":72}},"22":{"start":{"line":44,"column":2},"end":{"line":44,"column":65}},"23":{"start":{"line":50,"column":0},"end":{"line":50,"column":21}}},"fnMap":{"0":{"name":"(anonymous_0)","decl":{"start":{"line":35,"column":8},"end":{"line":35,"column":9}},"loc":{"start":{"line":35,"column":34},"end":{"line":37,"column":1}},"line":35},"1":{"name":"(anonymous_1)","decl":{"start":{"line":40,"column":8},"end":{"line":40,"column":9}},"loc":{"start":{"line":40,"column":39},"end":{"line":45,"column":1}},"line":40}},"branchMap":{"0":{"loc":{"start":{"line":41,"column":17},"end":{"line":41,"column":34}},"type":"binary-expr","locations":[{"start":{"line":41,"column":17},"end":{"line":41,"column":27}},{"start":{"line":41,"column":31},"end":{"line":41,"column":34}}],"line":41},"1":{"loc":{"start":{"line":43,"column":2},"end":{"line":43,"column":72}},"type":"if","locations":[{"start":{"line":43,"column":2},"end":{"line":43,"column":72}},{"start":{},"end":{}}],"line":43}},"s":{"0":3,"1":3,"2":3,"3":3,"4":3,"5":3,"6":3,"7":3,"8":3,"9":3,"10":3,"11":3,"12":3,"13":3,"14":3,"15":3,"16":0,"17":3,"18":15,"19":15,"20":15,"21":0,"22":15,"23":3},"f":{"0":0,"1":15},"b":{"0":[15,0],"1":[0,15]},"_coverageSchema":"1a1c01bbd47fc00a2c39e90264f33305004495a9","hash":"f9e162a87bf1a665cb4c271ad5fc51243f087b7a"}
,"/Users/lepham/Desktop/daily/week-7/express-messagely/config.js": {"path":"/Users/lepham/Desktop/daily/week-7/express-messagely/config.js","statementMap":{"0":{"start":{"line":7,"column":0},"end":{"line":7,"column":27}},"1":{"start":{"line":9,"column":15},"end":{"line":11,"column":31}},"2":{"start":{"line":13,"column":19},"end":{"line":13,"column":53}},"3":{"start":{"line":15,"column":27},"end":{"line":15,"column":29}},"4":{"start":{"line":18,"column":0},"end":{"line":22,"column":2}}},"fnMap":{},"branchMap":{"0":{"loc":{"start":{"line":9,"column":15},"end":{"line":11,"column":31}},"type":"cond-expr","locations":[{"start":{"line":10,"column":6},"end":{"line":10,"column":36}},{"start":{"line":11,"column":6},"end":{"line":11,"column":31}}],"line":9},"1":{"loc":{"start":{"line":13,"column":19},"end":{"line":13,"column":53}},"type":"binary-expr","locations":[{"start":{"line":13,"column":19},"end":{"line":13,"column":41}},{"start":{"line":13,"column":45},"end":{"line":13,"column":53}}],"line":13}},"s":{"0":5,"1":5,"2":5,"3":5,"4":5},"f":{},"b":{"0":[5,0],"1":[5,5]},"_coverageSchema":"1a1c01bbd47fc00a2c39e90264f33305004495a9","hash":"59d054b01fac9af9f02a0654605a9f3e1e3437a3"}
,"/Users/lepham/Desktop/daily/week-7/express-messagely/db.js": {"path":"/Users/lepham/Desktop/daily/week-7/express-messagely/db.js","statementMap":{"0":{"start":{"line":6,"column":19},"end":{"line":6,"column":32}},"1":{"start":{"line":7,"column":19},"end":{"line":7,"column":38}},"2":{"start":{"line":9,"column":11},"end":{"line":9,"column":29}},"3":{"start":{"line":11,"column":0},"end":{"line":11,"column":13}},"4":{"start":{"line":14,"column":0},"end":{"line":14,"column":20}}},"fnMap":{},"branchMap":{},"s":{"0":5,"1":5,"2":5,"3":5,"4":5},"f":{},"b":{},"_coverageSchema":"1a1c01bbd47fc00a2c39e90264f33305004495a9","hash":"4f6c27f3a710c0196cc9202ee2e2fa08a1c54617"}
,"/Users/lepham/Desktop/daily/week-7/express-messagely/expressError.js": {"path":"/Users/lepham/Desktop/daily/week-7/express-messagely/expressError.js","statementMap":{"0":{"start":{"line":9,"column":4},"end":{"line":9,"column":12}},"1":{"start":{"line":10,"column":4},"end":{"line":10,"column":27}},"2":{"start":{"line":11,"column":4},"end":{"line":11,"column":25}},"3":{"start":{"line":19,"column":4},"end":{"line":19,"column":24}},"4":{"start":{"line":27,"column":4},"end":{"line":27,"column":24}},"5":{"start":{"line":35,"column":4},"end":{"line":35,"column":24}},"6":{"start":{"line":43,"column":4},"end":{"line":43,"column":24}},"7":{"start":{"line":47,"column":0},"end":{"line":53,"column":2}}},"fnMap":{"0":{"name":"(anonymous_0)","decl":{"start":{"line":8,"column":2},"end":{"line":8,"column":3}},"loc":{"start":{"line":8,"column":31},"end":{"line":12,"column":3}},"line":8},"1":{"name":"(anonymous_1)","decl":{"start":{"line":18,"column":2},"end":{"line":18,"column":3}},"loc":{"start":{"line":18,"column":37},"end":{"line":20,"column":3}},"line":18},"2":{"name":"(anonymous_2)","decl":{"start":{"line":26,"column":2},"end":{"line":26,"column":3}},"loc":{"start":{"line":26,"column":40},"end":{"line":28,"column":3}},"line":26},"3":{"name":"(anonymous_3)","decl":{"start":{"line":34,"column":2},"end":{"line":34,"column":3}},"loc":{"start":{"line":34,"column":39},"end":{"line":36,"column":3}},"line":34},"4":{"name":"(anonymous_4)","decl":{"start":{"line":42,"column":2},"end":{"line":42,"column":3}},"loc":{"start":{"line":42,"column":39},"end":{"line":44,"column":3}},"line":42}},"branchMap":{"0":{"loc":{"start":{"line":18,"column":14},"end":{"line":18,"column":35}},"type":"default-arg","locations":[{"start":{"line":18,"column":24},"end":{"line":18,"column":35}}],"line":18},"1":{"loc":{"start":{"line":26,"column":14},"end":{"line":26,"column":38}},"type":"default-arg","locations":[{"start":{"line":26,"column":24},"end":{"line":26,"column":38}}],"line":26},"2":{"loc":{"start":{"line":34,"column":14},"end":{"line":34,"column":37}},"type":"default-arg","locations":[{"start":{"line":34,"column":24},"end":{"line":34,"column":37}}],"line":34},"3":{"loc":{"start":{"line":42,"column":14},"end":{"line":42,"column":37}},"type":"default-arg","locations":[{"start":{"line":42,"column":24},"end":{"line":42,"column":37}}],"line":42}},"s":{"0":15,"1":15,"2":15,"3":0,"4":15,"5":0,"6":0,"7":5},"f":{"0":15,"1":0,"2":15,"3":0,"4":0},"b":{"0":[0],"1":[11],"2":[0],"3":[0]},"_coverageSchema":"1a1c01bbd47fc00a2c39e90264f33305004495a9","hash":"f470737e7896c2a4128722e70061b3642f6d967d"}
,"/Users/lepham/Desktop/daily/week-7/express-messagely/middleware/auth.js": {"path":"/Users/lepham/Desktop/daily/week-7/express-messagely/middleware/auth.js","statementMap":{"0":{"start":{"line":5,"column":12},"end":{"line":5,"column":35}},"1":{"start":{"line":7,"column":23},"end":{"line":7,"column":43}},"2":{"start":{"line":8,"column":30},"end":{"line":8,"column":56}},"3":{"start":{"line":14,"column":2},"end":{"line":22,"column":3}},"4":{"start":{"line":15,"column":29},"end":{"line":15,"column":64}},"5":{"start":{"line":16,"column":20},"end":{"line":16,"column":60}},"6":{"start":{"line":17,"column":4},"end":{"line":17,"column":30}},"7":{"start":{"line":18,"column":4},"end":{"line":18,"column":18}},"8":{"start":{"line":21,"column":4},"end":{"line":21,"column":18}},"9":{"start":{"line":28,"column":2},"end":{"line":36,"column":3}},"10":{"start":{"line":29,"column":4},"end":{"line":33,"column":5}},"11":{"start":{"line":30,"column":6},"end":{"line":30,"column":36}},"12":{"start":{"line":32,"column":6},"end":{"line":32,"column":20}},"13":{"start":{"line":35,"column":4},"end":{"line":35,"column":21}},"14":{"start":{"line":42,"column":2},"end":{"line":51,"column":3}},"15":{"start":{"line":43,"column":4},"end":{"line":48,"column":5}},"16":{"start":{"line":45,"column":6},"end":{"line":45,"column":36}},"17":{"start":{"line":47,"column":6},"end":{"line":47,"column":20}},"18":{"start":{"line":50,"column":4},"end":{"line":50,"column":21}},"19":{"start":{"line":55,"column":0},"end":{"line":59,"column":2}}},"fnMap":{"0":{"name":"authenticateJWT","decl":{"start":{"line":13,"column":9},"end":{"line":13,"column":24}},"loc":{"start":{"line":13,"column":41},"end":{"line":23,"column":1}},"line":13},"1":{"name":"ensureLoggedIn","decl":{"start":{"line":27,"column":9},"end":{"line":27,"column":23}},"loc":{"start":{"line":27,"column":40},"end":{"line":37,"column":1}},"line":27},"2":{"name":"ensureCorrectUser","decl":{"start":{"line":41,"column":9},"end":{"line":41,"column":26}},"loc":{"start":{"line":41,"column":43},"end":{"line":52,"column":1}},"line":41}},"branchMap":{"0":{"loc":{"start":{"line":15,"column":29},"end":{"line":15,"column":64}},"type":"binary-expr","locations":[{"start":{"line":15,"column":29},"end":{"line":15,"column":45}},{"start":{"line":15,"column":49},"end":{"line":15,"column":64}}],"line":15},"1":{"loc":{"start":{"line":29,"column":4},"end":{"line":33,"column":5}},"type":"if","locations":[{"start":{"line":29,"column":4},"end":{"line":33,"column":5}},{"start":{"line":31,"column":11},"end":{"line":33,"column":5}}],"line":29},"2":{"loc":{"start":{"line":43,"column":4},"end":{"line":48,"column":5}},"type":"if","locations":[{"start":{"line":43,"column":4},"end":{"line":48,"column":5}},{"start":{"line":46,"column":11},"end":{"line":48,"column":5}}],"line":43},"3":{"loc":{"start":{"line":43,"column":8},"end":{"line":44,"column":56}},"type":"binary-expr","locations":[{"start":{"line":43,"column":8},"end":{"line":43,"column":24}},{"start":{"line":44,"column":8},"end":{"line":44,"column":56}}],"line":43}},"s":{"0":3,"1":3,"2":3,"3":25,"4":25,"5":18,"6":10,"7":10,"8":15,"9":12,"10":12,"11":5,"12":7,"13":5,"14":9,"15":9,"16":6,"17":3,"18":6,"19":3},"f":{"0":25,"1":12,"2":9},"b":{"0":[25,14],"1":[5,7],"2":[6,3],"3":[9,3]},"_coverageSchema":"1a1c01bbd47fc00a2c39e90264f33305004495a9","hash":"219c70ce56e82d27d0921cc3220b083f7aaae069"}
,"/Users/lepham/Desktop/daily/week-7/express-messagely/models/message.js": {"path":"/Users/lepham/Desktop/daily/week-7/express-messagely/models/message.js","statementMap":{"0":{"start":{"line":5,"column":26},"end":{"line":5,"column":52}},"1":{"start":{"line":6,"column":11},"end":{"line":6,"column":27}},"2":{"start":{"line":17,"column":19},"end":{"line":25,"column":43}},"3":{"start":{"line":27,"column":4},"end":{"line":27,"column":26}},"4":{"start":{"line":39,"column":19},"end":{"line":44,"column":13}},"5":{"start":{"line":45,"column":20},"end":{"line":45,"column":34}},"6":{"start":{"line":47,"column":4},"end":{"line":47,"column":68}},"7":{"start":{"line":47,"column":18},"end":{"line":47,"column":68}},"8":{"start":{"line":49,"column":4},"end":{"line":49,"column":19}},"9":{"start":{"line":61,"column":19},"end":{"line":78,"column":13}},"10":{"start":{"line":80,"column":12},"end":{"line":80,"column":26}},"11":{"start":{"line":82,"column":4},"end":{"line":82,"column":62}},"12":{"start":{"line":82,"column":12},"end":{"line":82,"column":62}},"13":{"start":{"line":84,"column":4},"end":{"line":101,"column":6}},"14":{"start":{"line":106,"column":0},"end":{"line":106,"column":25}}},"fnMap":{"0":{"name":"(anonymous_0)","decl":{"start":{"line":16,"column":2},"end":{"line":16,"column":3}},"loc":{"start":{"line":16,"column":60},"end":{"line":28,"column":3}},"line":16},"1":{"name":"(anonymous_1)","decl":{"start":{"line":38,"column":2},"end":{"line":38,"column":3}},"loc":{"start":{"line":38,"column":28},"end":{"line":50,"column":3}},"line":38},"2":{"name":"(anonymous_2)","decl":{"start":{"line":60,"column":2},"end":{"line":60,"column":3}},"loc":{"start":{"line":60,"column":23},"end":{"line":102,"column":3}},"line":60}},"branchMap":{"0":{"loc":{"start":{"line":47,"column":4},"end":{"line":47,"column":68}},"type":"if","locations":[{"start":{"line":47,"column":4},"end":{"line":47,"column":68}},{"start":{},"end":{}}],"line":47},"1":{"loc":{"start":{"line":82,"column":4},"end":{"line":82,"column":62}},"type":"if","locations":[{"start":{"line":82,"column":4},"end":{"line":82,"column":62}},{"start":{},"end":{}}],"line":82}},"s":{"0":5,"1":5,"2":55,"3":55,"4":2,"5":2,"6":2,"7":0,"8":2,"9":6,"10":6,"11":6,"12":0,"13":6,"14":5},"f":{"0":55,"1":2,"2":6},"b":{"0":[0,2],"1":[0,6]},"_coverageSchema":"1a1c01bbd47fc00a2c39e90264f33305004495a9","hash":"dce2ff4c5d69af3adb551d13f831c43b74c1e460"}
,"/Users/lepham/Desktop/daily/week-7/express-messagely/models/user.js": {"path":"/Users/lepham/Desktop/daily/week-7/express-messagely/models/user.js","statementMap":{"0":{"start":{"line":3,"column":31},"end":{"line":3,"column":51}},"1":{"start":{"line":4,"column":11},"end":{"line":4,"column":27}},"2":{"start":{"line":6,"column":15},"end":{"line":6,"column":32}},"3":{"start":{"line":8,"column":30},"end":{"line":8,"column":56}},"4":{"start":{"line":18,"column":27},"end":{"line":18,"column":74}},"5":{"start":{"line":20,"column":20},"end":{"line":34,"column":5}},"6":{"start":{"line":36,"column":4},"end":{"line":36,"column":27}},"7":{"start":{"line":42,"column":20},"end":{"line":47,"column":5}},"8":{"start":{"line":48,"column":17},"end":{"line":48,"column":32}},"9":{"start":{"line":50,"column":4},"end":{"line":50,"column":77}},"10":{"start":{"line":56,"column":4},"end":{"line":61,"column":6}},"11":{"start":{"line":68,"column":20},"end":{"line":72,"column":5}},"12":{"start":{"line":73,"column":4},"end":{"line":73,"column":24}},"13":{"start":{"line":86,"column":20},"end":{"line":91,"column":5}},"14":{"start":{"line":93,"column":18},"end":{"line":93,"column":33}},"15":{"start":{"line":95,"column":4},"end":{"line":95,"column":69}},"16":{"start":{"line":95,"column":15},"end":{"line":95,"column":69}},"17":{"start":{"line":97,"column":4},"end":{"line":97,"column":16}},"18":{"start":{"line":110,"column":21},"end":{"line":118,"column":5}},"19":{"start":{"line":120,"column":21},"end":{"line":131,"column":7}},"20":{"start":{"line":120,"column":47},"end":{"line":131,"column":5}},"21":{"start":{"line":132,"column":4},"end":{"line":132,"column":20}},"22":{"start":{"line":144,"column":21},"end":{"line":152,"column":5}},"23":{"start":{"line":154,"column":21},"end":{"line":165,"column":7}},"24":{"start":{"line":154,"column":47},"end":{"line":165,"column":5}},"25":{"start":{"line":166,"column":4},"end":{"line":166,"column":20}},"26":{"start":{"line":170,"column":0},"end":{"line":170,"column":22}}},"fnMap":{"0":{"name":"(anonymous_0)","decl":{"start":{"line":17,"column":2},"end":{"line":17,"column":3}},"loc":{"start":{"line":17,"column":78},"end":{"line":37,"column":3}},"line":17},"1":{"name":"(anonymous_1)","decl":{"start":{"line":41,"column":2},"end":{"line":41,"column":3}},"loc":{"start":{"line":41,"column":48},"end":{"line":51,"column":3}},"line":41},"2":{"name":"(anonymous_2)","decl":{"start":{"line":55,"column":2},"end":{"line":55,"column":3}},"loc":{"start":{"line":55,"column":46},"end":{"line":62,"column":3}},"line":55},"3":{"name":"(anonymous_3)","decl":{"start":{"line":67,"column":2},"end":{"line":67,"column":3}},"loc":{"start":{"line":67,"column":21},"end":{"line":74,"column":3}},"line":67},"4":{"name":"(anonymous_4)","decl":{"start":{"line":85,"column":2},"end":{"line":85,"column":3}},"loc":{"start":{"line":85,"column":29},"end":{"line":99,"column":3}},"line":85},"5":{"name":"(anonymous_5)","decl":{"start":{"line":109,"column":2},"end":{"line":109,"column":3}},"loc":{"start":{"line":109,"column":38},"end":{"line":133,"column":3}},"line":109},"6":{"name":"(anonymous_6)","decl":{"start":{"line":120,"column":39},"end":{"line":120,"column":40}},"loc":{"start":{"line":120,"column":47},"end":{"line":131,"column":5}},"line":120},"7":{"name":"(anonymous_7)","decl":{"start":{"line":143,"column":2},"end":{"line":143,"column":3}},"loc":{"start":{"line":143,"column":36},"end":{"line":167,"column":3}},"line":143},"8":{"name":"(anonymous_8)","decl":{"start":{"line":154,"column":39},"end":{"line":154,"column":40}},"loc":{"start":{"line":154,"column":47},"end":{"line":165,"column":5}},"line":154}},"branchMap":{"0":{"loc":{"start":{"line":50,"column":11},"end":{"line":50,"column":77}},"type":"binary-expr","locations":[{"start":{"line":50,"column":11},"end":{"line":50,"column":15}},{"start":{"line":50,"column":20},"end":{"line":50,"column":76}}],"line":50},"1":{"loc":{"start":{"line":95,"column":4},"end":{"line":95,"column":69}},"type":"if","locations":[{"start":{"line":95,"column":4},"end":{"line":95,"column":69}},{"start":{},"end":{}}],"line":95}},"s":{"0":5,"1":5,"2":5,"3":5,"4":72,"5":72,"6":72,"7":5,"8":5,"9":5,"10":1,"11":2,"12":2,"13":6,"14":6,"15":6,"16":0,"17":6,"18":2,"19":2,"20":2,"21":2,"22":2,"23":2,"24":2,"25":2,"26":5},"f":{"0":72,"1":5,"2":1,"3":2,"4":6,"5":2,"6":2,"7":2,"8":2},"b":{"0":[5,4],"1":[0,6]},"_coverageSchema":"1a1c01bbd47fc00a2c39e90264f33305004495a9","hash":"01a0a067ec3aea1fd256b9eaf000cb8418b36bcf"}
,"/Users/lepham/Desktop/daily/week-7/express-messagely/routes/auth.js": {"path":"/Users/lepham/Desktop/daily/week-7/express-messagely/routes/auth.js","statementMap":{"0":{"start":{"line":3,"column":15},"end":{"line":3,"column":40}},"1":{"start":{"line":4,"column":12},"end":{"line":4,"column":35}},"2":{"start":{"line":6,"column":43},"end":{"line":6,"column":63}},"3":{"start":{"line":7,"column":30},"end":{"line":7,"column":56}},"4":{"start":{"line":8,"column":13},"end":{"line":8,"column":38}},"5":{"start":{"line":11,"column":15},"end":{"line":11,"column":27}},"6":{"start":{"line":14,"column":0},"end":{"line":25,"column":3}},"7":{"start":{"line":15,"column":33},"end":{"line":15,"column":41}},"8":{"start":{"line":16,"column":15},"end":{"line":16,"column":58}},"9":{"start":{"line":18,"column":2},"end":{"line":21,"column":3}},"10":{"start":{"line":19,"column":18},"end":{"line":19,"column":52}},"11":{"start":{"line":20,"column":4},"end":{"line":20,"column":31}},"12":{"start":{"line":23,"column":2},"end":{"line":23,"column":60}},"13":{"start":{"line":32,"column":0},"end":{"line":43,"column":3}},"14":{"start":{"line":33,"column":63},"end":{"line":33,"column":71}},"15":{"start":{"line":34,"column":15},"end":{"line":35,"column":54}},"16":{"start":{"line":37,"column":2},"end":{"line":40,"column":3}},"17":{"start":{"line":38,"column":18},"end":{"line":38,"column":52}},"18":{"start":{"line":39,"column":4},"end":{"line":39,"column":31}},"19":{"start":{"line":41,"column":2},"end":{"line":41,"column":66}},"20":{"start":{"line":45,"column":0},"end":{"line":45,"column":24}}},"fnMap":{"0":{"name":"(anonymous_0)","decl":{"start":{"line":14,"column":22},"end":{"line":14,"column":23}},"loc":{"start":{"line":14,"column":54},"end":{"line":25,"column":1}},"line":14},"1":{"name":"(anonymous_1)","decl":{"start":{"line":32,"column":25},"end":{"line":32,"column":26}},"loc":{"start":{"line":32,"column":57},"end":{"line":43,"column":1}},"line":32}},"branchMap":{"0":{"loc":{"start":{"line":18,"column":2},"end":{"line":21,"column":3}},"type":"if","locations":[{"start":{"line":18,"column":2},"end":{"line":21,"column":3}},{"start":{},"end":{}}],"line":18},"1":{"loc":{"start":{"line":37,"column":2},"end":{"line":40,"column":3}},"type":"if","locations":[{"start":{"line":37,"column":2},"end":{"line":40,"column":3}},{"start":{},"end":{}}],"line":37}},"s":{"0":3,"1":3,"2":3,"3":3,"4":3,"5":3,"6":3,"7":3,"8":3,"9":3,"10":1,"11":1,"12":2,"13":3,"14":1,"15":1,"16":1,"17":1,"18":1,"19":0,"20":3},"f":{"0":3,"1":1},"b":{"0":[1,2],"1":[1,0]},"_coverageSchema":"1a1c01bbd47fc00a2c39e90264f33305004495a9","hash":"50d09c225ea5bf8f11774cd46891fc1753e8ab30"}
,"/Users/lepham/Desktop/daily/week-7/express-messagely/routes/messages.js": {"path":"/Users/lepham/Desktop/daily/week-7/express-messagely/routes/messages.js","statementMap":{"0":{"start":{"line":3,"column":30},"end":{"line":3,"column":56}},"1":{"start":{"line":4,"column":46},"end":{"line":4,"column":75}},"2":{"start":{"line":5,"column":16},"end":{"line":5,"column":44}},"3":{"start":{"line":7,"column":15},"end":{"line":7,"column":40}},"4":{"start":{"line":8,"column":15},"end":{"line":8,"column":27}},"5":{"start":{"line":23,"column":0},"end":{"line":32,"column":3}},"6":{"start":{"line":24,"column":15},"end":{"line":24,"column":39}},"7":{"start":{"line":26,"column":18},"end":{"line":26,"column":50}},"8":{"start":{"line":28,"column":2},"end":{"line":30,"column":3}},"9":{"start":{"line":29,"column":4},"end":{"line":29,"column":33}},"10":{"start":{"line":31,"column":2},"end":{"line":31,"column":68}},"11":{"start":{"line":42,"column":0},"end":{"line":48,"column":3}},"12":{"start":{"line":43,"column":19},"end":{"line":43,"column":43}},"13":{"start":{"line":44,"column":32},"end":{"line":44,"column":40}},"14":{"start":{"line":45,"column":18},"end":{"line":45,"column":86}},"15":{"start":{"line":47,"column":2},"end":{"line":47,"column":31}},"16":{"start":{"line":58,"column":0},"end":{"line":68,"column":3}},"17":{"start":{"line":59,"column":19},"end":{"line":59,"column":43}},"18":{"start":{"line":60,"column":20},"end":{"line":60,"column":33}},"19":{"start":{"line":61,"column":24},"end":{"line":61,"column":52}},"20":{"start":{"line":62,"column":2},"end":{"line":65,"column":3}},"21":{"start":{"line":63,"column":20},"end":{"line":63,"column":53}},"22":{"start":{"line":64,"column":4},"end":{"line":64,"column":33}},"23":{"start":{"line":66,"column":2},"end":{"line":66,"column":68}},"24":{"start":{"line":71,"column":0},"end":{"line":71,"column":24}}},"fnMap":{"0":{"name":"(anonymous_0)","decl":{"start":{"line":23,"column":35},"end":{"line":23,"column":36}},"loc":{"start":{"line":23,"column":67},"end":{"line":32,"column":1}},"line":23},"1":{"name":"(anonymous_1)","decl":{"start":{"line":42,"column":33},"end":{"line":42,"column":34}},"loc":{"start":{"line":42,"column":65},"end":{"line":48,"column":1}},"line":42},"2":{"name":"(anonymous_2)","decl":{"start":{"line":58,"column":41},"end":{"line":58,"column":42}},"loc":{"start":{"line":58,"column":73},"end":{"line":68,"column":1}},"line":58}},"branchMap":{"0":{"loc":{"start":{"line":28,"column":2},"end":{"line":30,"column":3}},"type":"if","locations":[{"start":{"line":28,"column":2},"end":{"line":30,"column":3}},{"start":{},"end":{}}],"line":28},"1":{"loc":{"start":{"line":28,"column":6},"end":{"line":28,"column":78}},"type":"binary-expr","locations":[{"start":{"line":28,"column":6},"end":{"line":28,"column":41}},{"start":{"line":28,"column":45},"end":{"line":28,"column":78}}],"line":28},"2":{"loc":{"start":{"line":62,"column":2},"end":{"line":65,"column":3}},"type":"if","locations":[{"start":{"line":62,"column":2},"end":{"line":65,"column":3}},{"start":{},"end":{}}],"line":62}},"s":{"0":3,"1":3,"2":3,"3":3,"4":3,"5":3,"6":3,"7":3,"8":3,"9":2,"10":1,"11":3,"12":1,"13":1,"14":1,"15":1,"16":3,"17":2,"18":2,"19":2,"20":2,"21":1,"22":1,"23":1,"24":3},"f":{"0":3,"1":1,"2":2},"b":{"0":[2,1],"1":[3,2],"2":[1,1]},"_coverageSchema":"1a1c01bbd47fc00a2c39e90264f33305004495a9","hash":"c107cc864ba370909380da4f072acfbfdaa7a82e"}
,"/Users/lepham/Desktop/daily/week-7/express-messagely/routes/users.js": {"path":"/Users/lepham/Desktop/daily/week-7/express-messagely/routes/users.js","statementMap":{"0":{"start":{"line":3,"column":15},"end":{"line":3,"column":40}},"1":{"start":{"line":5,"column":24},"end":{"line":5,"column":42}},"2":{"start":{"line":10,"column":4},"end":{"line":10,"column":33}},"3":{"start":{"line":11,"column":13},"end":{"line":11,"column":38}},"4":{"start":{"line":12,"column":15},"end":{"line":12,"column":27}},"5":{"start":{"line":20,"column":0},"end":{"line":23,"column":3}},"6":{"start":{"line":21,"column":16},"end":{"line":21,"column":32}},"7":{"start":{"line":22,"column":2},"end":{"line":22,"column":29}},"8":{"start":{"line":31,"column":0},"end":{"line":34,"column":3}},"9":{"start":{"line":32,"column":15},"end":{"line":32,"column":50}},"10":{"start":{"line":33,"column":2},"end":{"line":33,"column":28}},"11":{"start":{"line":46,"column":0},"end":{"line":50,"column":3}},"12":{"start":{"line":47,"column":15},"end":{"line":47,"column":50}},"13":{"start":{"line":48,"column":19},"end":{"line":48,"column":55}},"14":{"start":{"line":49,"column":2},"end":{"line":49,"column":32}},"15":{"start":{"line":62,"column":0},"end":{"line":70,"column":2}},"16":{"start":{"line":66,"column":17},"end":{"line":66,"column":52}},"17":{"start":{"line":67,"column":21},"end":{"line":67,"column":59}},"18":{"start":{"line":68,"column":4},"end":{"line":68,"column":34}},"19":{"start":{"line":72,"column":0},"end":{"line":72,"column":24}}},"fnMap":{"0":{"name":"(anonymous_0)","decl":{"start":{"line":20,"column":32},"end":{"line":20,"column":33}},"loc":{"start":{"line":20,"column":64},"end":{"line":23,"column":1}},"line":20},"1":{"name":"(anonymous_1)","decl":{"start":{"line":31,"column":44},"end":{"line":31,"column":45}},"loc":{"start":{"line":31,"column":76},"end":{"line":34,"column":1}},"line":31},"2":{"name":"(anonymous_2)","decl":{"start":{"line":46,"column":47},"end":{"line":46,"column":48}},"loc":{"start":{"line":46,"column":79},"end":{"line":50,"column":1}},"line":46},"3":{"name":"(anonymous_3)","decl":{"start":{"line":65,"column":2},"end":{"line":65,"column":3}},"loc":{"start":{"line":65,"column":34},"end":{"line":69,"column":3}},"line":65}},"branchMap":{},"s":{"0":3,"1":3,"2":3,"3":3,"4":3,"5":3,"6":1,"7":1,"8":3,"9":1,"10":1,"11":3,"12":1,"13":1,"14":1,"15":3,"16":1,"17":1,"18":1,"19":3},"f":{"0":1,"1":1,"2":1,"3":1},"b":{},"_coverageSchema":"1a1c01bbd47fc00a2c39e90264f33305004495a9","hash":"88f44fcc68777aef30b9661050cd737f88e5e650"}
}
