TN:
SF:app.js
FN:35,(anonymous_0)
FN:40,(anonymous_1)
FNF:2
FNH:1
FNDA:0,(anonymous_0)
FNDA:15,(anonymous_1)
DA:6,3
DA:7,3
DA:8,3
DA:10,3
DA:11,3
DA:14,3
DA:15,3
DA:18,3
DA:21,3
DA:25,3
DA:26,3
DA:27,3
DA:29,3
DA:30,3
DA:31,3
DA:35,3
DA:36,0
DA:40,3
DA:41,15
DA:42,15
DA:43,15
DA:44,15
DA:50,3
LF:23
LH:22
BRDA:41,0,0,15
BRDA:41,0,1,0
BRDA:43,1,0,0
BRDA:43,1,1,15
BRF:4
BRH:2
end_of_record
TN:
SF:config.js
FNF:0
FNH:0
DA:7,5
DA:9,5
DA:13,5
DA:15,5
DA:18,5
LF:5
LH:5
BRDA:9,0,0,5
BRDA:9,0,1,0
BRDA:13,1,0,5
BRDA:13,1,1,5
BRF:4
BRH:3
end_of_record
TN:
SF:db.js
FNF:0
FNH:0
DA:6,5
DA:7,5
DA:9,5
DA:11,5
DA:14,5
LF:5
LH:5
BRF:0
BRH:0
end_of_record
TN:
SF:expressError.js
FN:8,(anonymous_0)
FN:18,(anonymous_1)
FN:26,(anonymous_2)
FN:34,(anonymous_3)
FN:42,(anonymous_4)
FNF:5
FNH:2
FNDA:15,(anonymous_0)
FNDA:0,(anonymous_1)
FNDA:15,(anonymous_2)
FNDA:0,(anonymous_3)
FNDA:0,(anonymous_4)
DA:9,15
DA:10,15
DA:11,15
DA:19,0
DA:27,15
DA:35,0
DA:43,0
DA:47,5
LF:8
LH:5
BRDA:18,0,0,0
BRDA:26,1,0,11
BRDA:34,2,0,0
BRDA:42,3,0,0
BRF:4
BRH:1
end_of_record
TN:
SF:middleware/auth.js
FN:13,authenticateJWT
FN:27,ensureLoggedIn
FN:41,ensureCorrectUser
FNF:3
FNH:3
FNDA:25,authenticateJWT
FNDA:12,ensureLoggedIn
FNDA:9,ensureCorrectUser
DA:5,3
DA:7,3
DA:8,3
DA:14,25
DA:15,25
DA:16,18
DA:17,10
DA:18,10
DA:21,15
DA:28,12
DA:29,12
DA:30,5
DA:32,7
DA:35,5
DA:42,9
DA:43,9
DA:45,6
DA:47,3
DA:50,6
DA:55,3
LF:20
LH:20
BRDA:15,0,0,25
BRDA:15,0,1,14
BRDA:29,1,0,5
BRDA:29,1,1,7
BRDA:43,2,0,6
BRDA:43,2,1,3
BRDA:43,3,0,9
BRDA:43,3,1,3
BRF:8
BRH:8
end_of_record
TN:
SF:models/message.js
FN:16,(anonymous_0)
FN:38,(anonymous_1)
FN:60,(anonymous_2)
FNF:3
FNH:3
FNDA:55,(anonymous_0)
FNDA:2,(anonymous_1)
FNDA:6,(anonymous_2)
DA:5,5
DA:6,5
DA:17,55
DA:27,55
DA:39,2
DA:45,2
DA:47,2
DA:49,2
DA:61,6
DA:80,6
DA:82,6
DA:84,6
DA:106,5
LF:13
LH:13
BRDA:47,0,0,0
BRDA:47,0,1,2
BRDA:82,1,0,0
BRDA:82,1,1,6
BRF:4
BRH:2
end_of_record
TN:
SF:models/user.js
FN:17,(anonymous_0)
FN:41,(anonymous_1)
FN:55,(anonymous_2)
FN:67,(anonymous_3)
FN:85,(anonymous_4)
FN:109,(anonymous_5)
FN:120,(anonymous_6)
FN:143,(anonymous_7)
FN:154,(anonymous_8)
FNF:9
FNH:9
FNDA:72,(anonymous_0)
FNDA:5,(anonymous_1)
FNDA:1,(anonymous_2)
FNDA:2,(anonymous_3)
FNDA:6,(anonymous_4)
FNDA:2,(anonymous_5)
FNDA:2,(anonymous_6)
FNDA:2,(anonymous_7)
FNDA:2,(anonymous_8)
DA:3,5
DA:4,5
DA:6,5
DA:8,5
DA:18,72
DA:20,72
DA:36,72
DA:42,5
DA:48,5
DA:50,5
DA:56,1
DA:68,2
DA:73,2
DA:86,6
DA:93,6
DA:95,6
DA:97,6
DA:110,2
DA:120,2
DA:132,2
DA:144,2
DA:154,2
DA:166,2
DA:170,5
LF:24
LH:24
BRDA:50,0,0,5
BRDA:50,0,1,4
BRDA:95,1,0,0
BRDA:95,1,1,6
BRF:4
BRH:3
end_of_record
TN:
SF:routes/auth.js
FN:14,(anonymous_0)
FN:32,(anonymous_1)
FNF:2
FNH:2
FNDA:3,(anonymous_0)
FNDA:1,(anonymous_1)
DA:3,3
DA:4,3
DA:6,3
DA:7,3
DA:8,3
DA:11,3
DA:14,3
DA:15,3
DA:16,3
DA:18,3
DA:19,1
DA:20,1
DA:23,2
DA:32,3
DA:33,1
DA:34,1
DA:37,1
DA:38,1
DA:39,1
DA:41,0
DA:45,3
LF:21
LH:20
BRDA:18,0,0,1
BRDA:18,0,1,2
BRDA:37,1,0,1
BRDA:37,1,1,0
BRF:4
BRH:3
end_of_record
TN:
SF:routes/messages.js
FN:23,(anonymous_0)
FN:42,(anonymous_1)
FN:58,(anonymous_2)
FNF:3
FNH:3
FNDA:3,(anonymous_0)
FNDA:1,(anonymous_1)
FNDA:2,(anonymous_2)
DA:3,3
DA:4,3
DA:5,3
DA:7,3
DA:8,3
DA:23,3
DA:24,3
DA:26,3
DA:28,3
DA:29,2
DA:31,1
DA:42,3
DA:43,1
DA:44,1
DA:45,1
DA:47,1
DA:58,3
DA:59,2
DA:60,2
DA:61,2
DA:62,2
DA:63,1
DA:64,1
DA:66,1
DA:71,3
LF:25
LH:25
BRDA:28,0,0,2
BRDA:28,0,1,1
BRDA:28,1,0,3
BRDA:28,1,1,2
BRDA:62,2,0,1
BRDA:62,2,1,1
BRF:6
BRH:6
end_of_record
TN:
SF:routes/users.js
FN:20,(anonymous_0)
FN:31,(anonymous_1)
FN:46,(anonymous_2)
FN:65,(anonymous_3)
FNF:4
FNH:4
FNDA:1,(anonymous_0)
FNDA:1,(anonymous_1)
FNDA:1,(anonymous_2)
FNDA:1,(anonymous_3)
DA:3,3
DA:5,3
DA:10,3
DA:11,3
DA:12,3
DA:20,3
DA:21,1
DA:22,1
DA:31,3
DA:32,1
DA:33,1
DA:46,3
DA:47,1
DA:48,1
DA:49,1
DA:62,3
DA:66,1
DA:67,1
DA:68,1
DA:72,3
LF:20
LH:20
BRF:0
BRH:0
end_of_record
